
	Waiting for deltas ...
	Waiting for deltas ...
	Waiting for deltas ...
	Waiting for deltas ...
	Waiting for deltas ...
	Waiting for deltas ...
	Waiting for deltas ...
	Waiting for deltas ...
	Waiting for deltas ...
	Waiting for deltas ...
	Waiting for deltas ...
	Waiting for deltas ...
	Waiting for deltas ...
	Waiting for deltas ...
	Waiting for deltas ...
	Waiting for deltas ...
	Waiting for deltas ...
	Waiting for deltas ...
	Waiting for deltas ...
	Waiting for deltas ...
	Waiting for deltas ...
	Waiting for deltas ...
	Waiting for deltas ...
	Waiting for deltas ...
	Waiting for deltas ...
	Waiting for deltas ...
	Waiting for deltas ...
--------------------------------------------------------------------------------
Step: 1, Hash: e0977ca7d5baa912a9262e93cea4f920a0075e659aaf718dad67f7e15c39b7ea, Block: 2768801
	Applying 3 deltas ...
Downloading model from model-5DHYeSMbG3n31Ev9e9BNZzBiWnSd9bkp5s8CdC3RR5aMUpAh-1725999133.pt@decis
Downloaded model from model-5DHYeSMbG3n31Ev9e9BNZzBiWnSd9bkp5s8CdC3RR5aMUpAh-1725999133.pt@decis in 11.56076955795288 seconds.
Downloading model from model-5GQw7vvU1tzQ8XCVE1FRf3As9MmTZasPZUoiSgDmnnEj9jaP-1725999130.pt@decis
Downloaded model from model-5GQw7vvU1tzQ8XCVE1FRf3As9MmTZasPZUoiSgDmnnEj9jaP-1725999130.pt@decis in 7.583247900009155 seconds.
Downloading model from model-5D2uD6jYfLvpMPsngA3n4VAqxxmXSPtuku1TaXQnPdH3xohZ-1725999131.pt@decis
Downloaded model from model-5D2uD6jYfLvpMPsngA3n4VAqxxmXSPtuku1TaXQnPdH3xohZ-1725999131.pt@decis in 5.403475999832153 seconds.
Uploaded model to model-5F4UUMWF41GsLFvwVpigmoxTKVngDP6C7utvECgtQB83U3fJ-1725999167.pt@decis in 6.985766649246216 seconds.
	Waiting for deltas ...
	Waiting for deltas ...
	Waiting for deltas ...
	Waiting for deltas ...
	Waiting for deltas ...
	Waiting for deltas ...
	Waiting for deltas ...
	Waiting for deltas ...
	Waiting for deltas ...
	Waiting for deltas ...
	Waiting for deltas ...
	Waiting for deltas ...
--------------------------------------------------------------------------------
Step: 2, Hash: 74d326f649bcad82c78f8c050a4778fef24549f8c9195563ebc431459a6f6347, Block: 2768811
	Applying 4 deltas ...
Downloading model from model-5EkVGe9zdK4D1rdPD2qutAbU1HGNcjSt8ibsMQcWnPLNcsxn-1725999244.pt@decis
Downloaded model from model-5EkVGe9zdK4D1rdPD2qutAbU1HGNcjSt8ibsMQcWnPLNcsxn-1725999244.pt@decis in 6.1372034549713135 seconds.
Downloading model from model-5DHYeSMbG3n31Ev9e9BNZzBiWnSd9bkp5s8CdC3RR5aMUpAh-1725999240.pt@decis
Downloaded model from model-5DHYeSMbG3n31Ev9e9BNZzBiWnSd9bkp5s8CdC3RR5aMUpAh-1725999240.pt@decis in 5.060520172119141 seconds.
Downloading model from model-5GQw7vvU1tzQ8XCVE1FRf3As9MmTZasPZUoiSgDmnnEj9jaP-1725999241.pt@decis
Downloaded model from model-5GQw7vvU1tzQ8XCVE1FRf3As9MmTZasPZUoiSgDmnnEj9jaP-1725999241.pt@decis in 4.835591793060303 seconds.
Downloading model from model-5D2uD6jYfLvpMPsngA3n4VAqxxmXSPtuku1TaXQnPdH3xohZ-1725999244.pt@decis
Downloaded model from model-5D2uD6jYfLvpMPsngA3n4VAqxxmXSPtuku1TaXQnPdH3xohZ-1725999244.pt@decis in 4.548932075500488 seconds.
Uploaded model to model-5F4UUMWF41GsLFvwVpigmoxTKVngDP6C7utvECgtQB83U3fJ-1725999274.pt@decis in 4.280119180679321 seconds.
Deleting old model: model-5F4UUMWF41GsLFvwVpigmoxTKVngDP6C7utvECgtQB83U3fJ-1725998961.pt, still holding: 2 files.
	Waiting for deltas ...
	Waiting for deltas ...
	Waiting for deltas ...
	Waiting for deltas ...
	Waiting for deltas ...
	Waiting for deltas ...
	Waiting for deltas ...
--------------------------------------------------------------------------------
Step: 3, Hash: a256ba50fb99340b5b0d4b4afda3f9d1d92cbd1b672fc24990b23b02a41f7c1b, Block: 2768817
	Applying 3 deltas ...
Downloading model from model-5DHYeSMbG3n31Ev9e9BNZzBiWnSd9bkp5s8CdC3RR5aMUpAh-1725999316.pt@decis
Downloaded model from model-5DHYeSMbG3n31Ev9e9BNZzBiWnSd9bkp5s8CdC3RR5aMUpAh-1725999316.pt@decis in 6.113541126251221 seconds.
Downloading model from model-5GQw7vvU1tzQ8XCVE1FRf3As9MmTZasPZUoiSgDmnnEj9jaP-1725999317.pt@decis
Downloaded model from model-5GQw7vvU1tzQ8XCVE1FRf3As9MmTZasPZUoiSgDmnnEj9jaP-1725999317.pt@decis in 5.330656051635742 seconds.
Downloading model from model-5D2uD6jYfLvpMPsngA3n4VAqxxmXSPtuku1TaXQnPdH3xohZ-1725999321.pt@decis
Downloaded model from model-5D2uD6jYfLvpMPsngA3n4VAqxxmXSPtuku1TaXQnPdH3xohZ-1725999321.pt@decis in 4.432898044586182 seconds.
Uploaded model to model-5F4UUMWF41GsLFvwVpigmoxTKVngDP6C7utvECgtQB83U3fJ-1725999346.pt@decis in 4.101876258850098 seconds.
Deleting old model: model-5F4UUMWF41GsLFvwVpigmoxTKVngDP6C7utvECgtQB83U3fJ-1725999167.pt, still holding: 2 files.
	Waiting for deltas ...
	Waiting for deltas ...
	Waiting for deltas ...
	Waiting for deltas ...
	Waiting for deltas ...
	Waiting for deltas ...
	Waiting for deltas ...
	Waiting for deltas ...
	Waiting for deltas ...
--------------------------------------------------------------------------------
Step: 4, Hash: 6f02c12feded4b471d38fa0022ca770370aa4b76efc7eeea65f1d7f93bb88812, Block: 2768824
	Applying 4 deltas ...
Downloading model from model-5EkVGe9zdK4D1rdPD2qutAbU1HGNcjSt8ibsMQcWnPLNcsxn-1725999404.pt@decis
Downloaded model from model-5EkVGe9zdK4D1rdPD2qutAbU1HGNcjSt8ibsMQcWnPLNcsxn-1725999404.pt@decis in 5.516551971435547 seconds.
Downloading model from model-5DHYeSMbG3n31Ev9e9BNZzBiWnSd9bkp5s8CdC3RR5aMUpAh-1725999395.pt@decis
Downloaded model from model-5DHYeSMbG3n31Ev9e9BNZzBiWnSd9bkp5s8CdC3RR5aMUpAh-1725999395.pt@decis in 5.8126444816589355 seconds.
Downloading model from model-5GQw7vvU1tzQ8XCVE1FRf3As9MmTZasPZUoiSgDmnnEj9jaP-1725999401.pt@decis
Downloaded model from model-5GQw7vvU1tzQ8XCVE1FRf3As9MmTZasPZUoiSgDmnnEj9jaP-1725999401.pt@decis in 4.762273073196411 seconds.
Downloading model from model-5D2uD6jYfLvpMPsngA3n4VAqxxmXSPtuku1TaXQnPdH3xohZ-1725999401.pt@decis
Downloaded model from model-5D2uD6jYfLvpMPsngA3n4VAqxxmXSPtuku1TaXQnPdH3xohZ-1725999401.pt@decis in 5.26824426651001 seconds.
Uploaded model to model-5F4UUMWF41GsLFvwVpigmoxTKVngDP6C7utvECgtQB83U3fJ-1725999435.pt@decis in 5.015109300613403 seconds.
Deleting old model: model-5F4UUMWF41GsLFvwVpigmoxTKVngDP6C7utvECgtQB83U3fJ-1725999274.pt, still holding: 2 files.
	Waiting for deltas ...
	Waiting for deltas ...
	Waiting for deltas ...
	Waiting for deltas ...
	Waiting for deltas ...
	Waiting for deltas ...
	Waiting for deltas ...
	Waiting for deltas ...
	Waiting for deltas ...
	Waiting for deltas ...
	Waiting for deltas ...
--------------------------------------------------------------------------------
Step: 5, Hash: 84320571c09cb493b18945540dd6667a12347f00d9c171b569ac5cb35c373508, Block: 2768833
	Applying 4 deltas ...
Downloading model from model-5EkVGe9zdK4D1rdPD2qutAbU1HGNcjSt8ibsMQcWnPLNcsxn-1725999480.pt@decis
Downloaded model from model-5EkVGe9zdK4D1rdPD2qutAbU1HGNcjSt8ibsMQcWnPLNcsxn-1725999480.pt@decis in 6.378063678741455 seconds.
Downloading model from model-5DHYeSMbG3n31Ev9e9BNZzBiWnSd9bkp5s8CdC3RR5aMUpAh-1725999506.pt@decis
Downloaded model from model-5DHYeSMbG3n31Ev9e9BNZzBiWnSd9bkp5s8CdC3RR5aMUpAh-1725999506.pt@decis in 5.670672655105591 seconds.
Downloading model from model-5GQw7vvU1tzQ8XCVE1FRf3As9MmTZasPZUoiSgDmnnEj9jaP-1725999508.pt@decis
Downloaded model from model-5GQw7vvU1tzQ8XCVE1FRf3As9MmTZasPZUoiSgDmnnEj9jaP-1725999508.pt@decis in 5.1560375690460205 seconds.
Downloading model from model-5D2uD6jYfLvpMPsngA3n4VAqxxmXSPtuku1TaXQnPdH3xohZ-1725999483.pt@decis
Downloaded model from model-5D2uD6jYfLvpMPsngA3n4VAqxxmXSPtuku1TaXQnPdH3xohZ-1725999483.pt@decis in 4.5685718059539795 seconds.
Uploaded model to model-5F4UUMWF41GsLFvwVpigmoxTKVngDP6C7utvECgtQB83U3fJ-1725999542.pt@decis in 4.4300830364227295 seconds.
Deleting old model: model-5F4UUMWF41GsLFvwVpigmoxTKVngDP6C7utvECgtQB83U3fJ-1725999346.pt, still holding: 2 files.
	Waiting for deltas ...
	Waiting for deltas ...
	Waiting for deltas ...
	Waiting for deltas ...
	Waiting for deltas ...
	Waiting for deltas ...
	Waiting for deltas ...
	Waiting for deltas ...
--------------------------------------------------------------------------------
Step: 6, Hash: 0e1b37872f796de2cfe7c8b876db91e10f99907509a4fec55e8ea6c01e36a9d4, Block: 2768840
	Applying 3 deltas ...
Downloading model from model-5EkVGe9zdK4D1rdPD2qutAbU1HGNcjSt8ibsMQcWnPLNcsxn-1725999589.pt@decis
Downloaded model from model-5EkVGe9zdK4D1rdPD2qutAbU1HGNcjSt8ibsMQcWnPLNcsxn-1725999589.pt@decis in 4.45025897026062 seconds.
Downloading model from model-5DHYeSMbG3n31Ev9e9BNZzBiWnSd9bkp5s8CdC3RR5aMUpAh-1725999592.pt@decis
Downloaded model from model-5DHYeSMbG3n31Ev9e9BNZzBiWnSd9bkp5s8CdC3RR5aMUpAh-1725999592.pt@decis in 3.8146376609802246 seconds.
Downloading model from model-5GQw7vvU1tzQ8XCVE1FRf3As9MmTZasPZUoiSgDmnnEj9jaP-1725999589.pt@decis
Downloaded model from model-5GQw7vvU1tzQ8XCVE1FRf3As9MmTZasPZUoiSgDmnnEj9jaP-1725999589.pt@decis in 3.5312628746032715 seconds.
Uploaded model to model-5F4UUMWF41GsLFvwVpigmoxTKVngDP6C7utvECgtQB83U3fJ-1725999614.pt@decis in 3.8675899505615234 seconds.
Deleting old model: model-5F4UUMWF41GsLFvwVpigmoxTKVngDP6C7utvECgtQB83U3fJ-1725999435.pt, still holding: 2 files.
	Waiting for deltas ...
	Waiting for deltas ...
	Waiting for deltas ...
	Waiting for deltas ...
	Waiting for deltas ...
	Waiting for deltas ...
	Waiting for deltas ...
	Waiting for deltas ...
	Waiting for deltas ...
	Waiting for deltas ...
--------------------------------------------------------------------------------
Step: 7, Hash: 455f7720d3db4b2de5eaf056c60f681149e6c0876011ba8ff75df21a60949faa, Block: 2768847
	Applying 3 deltas ...
Downloading model from model-5EkVGe9zdK4D1rdPD2qutAbU1HGNcjSt8ibsMQcWnPLNcsxn-1725999675.pt@decis
Downloaded model from model-5EkVGe9zdK4D1rdPD2qutAbU1HGNcjSt8ibsMQcWnPLNcsxn-1725999675.pt@decis in 6.073639392852783 seconds.
Downloading model from model-5DHYeSMbG3n31Ev9e9BNZzBiWnSd9bkp5s8CdC3RR5aMUpAh-1725999675.pt@decis
Downloaded model from model-5DHYeSMbG3n31Ev9e9BNZzBiWnSd9bkp5s8CdC3RR5aMUpAh-1725999675.pt@decis in 4.0432329177856445 seconds.
Downloading model from model-5GQw7vvU1tzQ8XCVE1FRf3As9MmTZasPZUoiSgDmnnEj9jaP-1725999669.pt@decis
Downloaded model from model-5GQw7vvU1tzQ8XCVE1FRf3As9MmTZasPZUoiSgDmnnEj9jaP-1725999669.pt@decis in 3.4503016471862793 seconds.
Uploaded model to model-5F4UUMWF41GsLFvwVpigmoxTKVngDP6C7utvECgtQB83U3fJ-1725999699.pt@decis in 4.219347238540649 seconds.
Deleting old model: model-5F4UUMWF41GsLFvwVpigmoxTKVngDP6C7utvECgtQB83U3fJ-1725999542.pt, still holding: 2 files.
	Waiting for deltas ...
	Waiting for deltas ...
	Waiting for deltas ...
	Waiting for deltas ...
	Waiting for deltas ...
	Waiting for deltas ...
	Waiting for deltas ...
	Waiting for deltas ...
	Waiting for deltas ...
--------------------------------------------------------------------------------
Step: 8, Hash: af149e24af64a057a3de17d7e53885810ff61ad7d2be4431b0f549d379b071bb, Block: 2768853
	Applying 3 deltas ...
Downloading model from model-5EkVGe9zdK4D1rdPD2qutAbU1HGNcjSt8ibsMQcWnPLNcsxn-1725999753.pt@decis
Downloaded model from model-5EkVGe9zdK4D1rdPD2qutAbU1HGNcjSt8ibsMQcWnPLNcsxn-1725999753.pt@decis in 6.850444316864014 seconds.
Downloading model from model-5DHYeSMbG3n31Ev9e9BNZzBiWnSd9bkp5s8CdC3RR5aMUpAh-1725999754.pt@decis
Downloaded model from model-5DHYeSMbG3n31Ev9e9BNZzBiWnSd9bkp5s8CdC3RR5aMUpAh-1725999754.pt@decis in 5.069309711456299 seconds.
Downloading model from model-5GQw7vvU1tzQ8XCVE1FRf3As9MmTZasPZUoiSgDmnnEj9jaP-1725999744.pt@decis
Downloaded model from model-5GQw7vvU1tzQ8XCVE1FRf3As9MmTZasPZUoiSgDmnnEj9jaP-1725999744.pt@decis in 5.253281116485596 seconds.
Uploaded model to model-5F4UUMWF41GsLFvwVpigmoxTKVngDP6C7utvECgtQB83U3fJ-1725999784.pt@decis in 10.169157028198242 seconds.
Deleting old model: model-5F4UUMWF41GsLFvwVpigmoxTKVngDP6C7utvECgtQB83U3fJ-1725999614.pt, still holding: 2 files.
	Waiting for deltas ...
	Waiting for deltas ...
	Waiting for deltas ...
	Waiting for deltas ...
	Waiting for deltas ...
	Waiting for deltas ...
	Waiting for deltas ...
	Waiting for deltas ...
	Waiting for deltas ...
	Waiting for deltas ...
--------------------------------------------------------------------------------
Step: 9, Hash: 477c9d70ccc136ef2fdcb67b1706b933cfd98e78e1b85abfd0a725b40de9da5c, Block: 2768862
	Applying 3 deltas ...
Downloading model from model-5DHYeSMbG3n31Ev9e9BNZzBiWnSd9bkp5s8CdC3RR5aMUpAh-1725999840.pt@decis
Downloaded model from model-5DHYeSMbG3n31Ev9e9BNZzBiWnSd9bkp5s8CdC3RR5aMUpAh-1725999840.pt@decis in 4.0059974193573 seconds.
Downloading model from model-5GQw7vvU1tzQ8XCVE1FRf3As9MmTZasPZUoiSgDmnnEj9jaP-1725999857.pt@decis
Downloaded model from model-5GQw7vvU1tzQ8XCVE1FRf3As9MmTZasPZUoiSgDmnnEj9jaP-1725999857.pt@decis in 3.430126428604126 seconds.
Downloading model from model-5D2uD6jYfLvpMPsngA3n4VAqxxmXSPtuku1TaXQnPdH3xohZ-1725999848.pt@decis
Downloaded model from model-5D2uD6jYfLvpMPsngA3n4VAqxxmXSPtuku1TaXQnPdH3xohZ-1725999848.pt@decis in 3.3180787563323975 seconds.
Uploaded model to model-5F4UUMWF41GsLFvwVpigmoxTKVngDP6C7utvECgtQB83U3fJ-1725999875.pt@decis in 4.469799041748047 seconds.
Deleting old model: model-5F4UUMWF41GsLFvwVpigmoxTKVngDP6C7utvECgtQB83U3fJ-1725999699.pt, still holding: 2 files.
	Waiting for deltas ...
	Waiting for deltas ...
	Waiting for deltas ...
	Waiting for deltas ...
	Waiting for deltas ...
	Waiting for deltas ...
	Waiting for deltas ...
	Waiting for deltas ...
	Waiting for deltas ...
	Waiting for deltas ...
	Waiting for deltas ...
--------------------------------------------------------------------------------
Step: 10, Hash: 0e80324f2e88e56b342f5f23f300b7ba7ca7698119d4c3623f9f5ba0e18afc3a, Block: 2768869
	Applying 3 deltas ...
Downloading model from model-5EkVGe9zdK4D1rdPD2qutAbU1HGNcjSt8ibsMQcWnPLNcsxn-1725999945.pt@decis
Downloaded model from model-5EkVGe9zdK4D1rdPD2qutAbU1HGNcjSt8ibsMQcWnPLNcsxn-1725999945.pt@decis in 5.082188129425049 seconds.
Downloading model from model-5GQw7vvU1tzQ8XCVE1FRf3As9MmTZasPZUoiSgDmnnEj9jaP-1725999937.pt@decis
Downloaded model from model-5GQw7vvU1tzQ8XCVE1FRf3As9MmTZasPZUoiSgDmnnEj9jaP-1725999937.pt@decis in 4.005212783813477 seconds.
Downloading model from model-5D2uD6jYfLvpMPsngA3n4VAqxxmXSPtuku1TaXQnPdH3xohZ-1725999931.pt@decis
Downloaded model from model-5D2uD6jYfLvpMPsngA3n4VAqxxmXSPtuku1TaXQnPdH3xohZ-1725999931.pt@decis in 4.527372360229492 seconds.
Uploaded model to model-5F4UUMWF41GsLFvwVpigmoxTKVngDP6C7utvECgtQB83U3fJ-1725999970.pt@decis in 7.883305549621582 seconds.
Deleting old model: model-5F4UUMWF41GsLFvwVpigmoxTKVngDP6C7utvECgtQB83U3fJ-1725999784.pt, still holding: 2 files.
	Waiting for deltas ...
	Waiting for deltas ...
	Waiting for deltas ...
	Waiting for deltas ...
	Waiting for deltas ...
	Waiting for deltas ...
	Waiting for deltas ...
	Waiting for deltas ...
	Waiting for deltas ...
	Waiting for deltas ...
	Waiting for deltas ...
--------------------------------------------------------------------------------
Step: 11, Hash: c228dddc562276fdcdc41d795223ae56ba9daf6311acc2fa8187a4390f1ce30c, Block: 2768877
	Applying 3 deltas ...
Downloading model from model-5EkVGe9zdK4D1rdPD2qutAbU1HGNcjSt8ibsMQcWnPLNcsxn-1726000027.pt@decis
Downloaded model from model-5EkVGe9zdK4D1rdPD2qutAbU1HGNcjSt8ibsMQcWnPLNcsxn-1726000027.pt@decis in 6.207202672958374 seconds.
Downloading model from model-5DHYeSMbG3n31Ev9e9BNZzBiWnSd9bkp5s8CdC3RR5aMUpAh-1726000028.pt@decis
Downloaded model from model-5DHYeSMbG3n31Ev9e9BNZzBiWnSd9bkp5s8CdC3RR5aMUpAh-1726000028.pt@decis in 4.173199653625488 seconds.
Downloading model from model-5D2uD6jYfLvpMPsngA3n4VAqxxmXSPtuku1TaXQnPdH3xohZ-1726000045.pt@decis
Downloaded model from model-5D2uD6jYfLvpMPsngA3n4VAqxxmXSPtuku1TaXQnPdH3xohZ-1726000045.pt@decis in 4.080275058746338 seconds.
Uploaded model to model-5F4UUMWF41GsLFvwVpigmoxTKVngDP6C7utvECgtQB83U3fJ-1726000066.pt@decis in 4.11779260635376 seconds.
Deleting old model: model-5F4UUMWF41GsLFvwVpigmoxTKVngDP6C7utvECgtQB83U3fJ-1725999875.pt, still holding: 2 files.
	Waiting for deltas ...
	Waiting for deltas ...
	Waiting for deltas ...
	Waiting for deltas ...
	Waiting for deltas ...
	Waiting for deltas ...
	Waiting for deltas ...
	Waiting for deltas ...
	Waiting for deltas ...
	Waiting for deltas ...
	Waiting for deltas ...
	Waiting for deltas ...
--------------------------------------------------------------------------------
Step: 12, Hash: 5b5af3d138d46e1925904d97b5f7efb80c9e1cea201008775325d784be960042, Block: 2768886
	Applying 4 deltas ...
Downloading model from model-5EkVGe9zdK4D1rdPD2qutAbU1HGNcjSt8ibsMQcWnPLNcsxn-1726000143.pt@decis
Downloaded model from model-5EkVGe9zdK4D1rdPD2qutAbU1HGNcjSt8ibsMQcWnPLNcsxn-1726000143.pt@decis in 4.63895845413208 seconds.
Downloading model from model-5DHYeSMbG3n31Ev9e9BNZzBiWnSd9bkp5s8CdC3RR5aMUpAh-1726000146.pt@decis
Downloaded model from model-5DHYeSMbG3n31Ev9e9BNZzBiWnSd9bkp5s8CdC3RR5aMUpAh-1726000146.pt@decis in 4.197148561477661 seconds.
Downloading model from model-5GQw7vvU1tzQ8XCVE1FRf3As9MmTZasPZUoiSgDmnnEj9jaP-1726000127.pt@decis
Downloaded model from model-5GQw7vvU1tzQ8XCVE1FRf3As9MmTZasPZUoiSgDmnnEj9jaP-1726000127.pt@decis in 3.2100467681884766 seconds.
Downloading model from model-5D2uD6jYfLvpMPsngA3n4VAqxxmXSPtuku1TaXQnPdH3xohZ-1726000125.pt@decis
Downloaded model from model-5D2uD6jYfLvpMPsngA3n4VAqxxmXSPtuku1TaXQnPdH3xohZ-1726000125.pt@decis in 3.284100294113159 seconds.
Uploaded model to model-5F4UUMWF41GsLFvwVpigmoxTKVngDP6C7utvECgtQB83U3fJ-1726000169.pt@decis in 7.901902198791504 seconds.
Deleting old model: model-5F4UUMWF41GsLFvwVpigmoxTKVngDP6C7utvECgtQB83U3fJ-1725999970.pt, still holding: 2 files.
	Waiting for deltas ...
	Waiting for deltas ...
	Waiting for deltas ...
	Waiting for deltas ...
	Waiting for deltas ...
	Waiting for deltas ...
	Waiting for deltas ...
	Waiting for deltas ...
	Waiting for deltas ...
	Waiting for deltas ...
--------------------------------------------------------------------------------
Step: 13, Hash: b9b91acb36f286bdfdef416a147525c8bc36e9e227397a20e02763d4a850ecd5, Block: 2768893
	Applying 3 deltas ...
Downloading model from model-5EkVGe9zdK4D1rdPD2qutAbU1HGNcjSt8ibsMQcWnPLNcsxn-1726000225.pt@decis
Downloaded model from model-5EkVGe9zdK4D1rdPD2qutAbU1HGNcjSt8ibsMQcWnPLNcsxn-1726000225.pt@decis in 6.419339179992676 seconds.
Downloading model from model-5DHYeSMbG3n31Ev9e9BNZzBiWnSd9bkp5s8CdC3RR5aMUpAh-1726000225.pt@decis
Downloaded model from model-5DHYeSMbG3n31Ev9e9BNZzBiWnSd9bkp5s8CdC3RR5aMUpAh-1726000225.pt@decis in 5.806365966796875 seconds.
Downloading model from model-5D2uD6jYfLvpMPsngA3n4VAqxxmXSPtuku1TaXQnPdH3xohZ-1726000236.pt@decis
Downloaded model from model-5D2uD6jYfLvpMPsngA3n4VAqxxmXSPtuku1TaXQnPdH3xohZ-1726000236.pt@decis in 6.176686525344849 seconds.
Uploaded model to model-5F4UUMWF41GsLFvwVpigmoxTKVngDP6C7utvECgtQB83U3fJ-1726000265.pt@decis in 4.496342420578003 seconds.
Deleting old model: model-5F4UUMWF41GsLFvwVpigmoxTKVngDP6C7utvECgtQB83U3fJ-1726000066.pt, still holding: 2 files.
	Waiting for deltas ...
	Waiting for deltas ...
	Waiting for deltas ...
	Waiting for deltas ...
	Waiting for deltas ...
	Waiting for deltas ...
	Waiting for deltas ...
	Waiting for deltas ...
	Waiting for deltas ...
	Waiting for deltas ...
	Waiting for deltas ...
	Waiting for deltas ...
--------------------------------------------------------------------------------
Step: 14, Hash: 9210ab3ae8fb464091399f2a03a7b4002a8a3894f1268f64f11f54743a45bab9, Block: 2768902
	Applying 4 deltas ...
Downloading model from model-5EkVGe9zdK4D1rdPD2qutAbU1HGNcjSt8ibsMQcWnPLNcsxn-1726000338.pt@decis
Downloaded model from model-5EkVGe9zdK4D1rdPD2qutAbU1HGNcjSt8ibsMQcWnPLNcsxn-1726000338.pt@decis in 5.502812385559082 seconds.
Downloading model from model-5DHYeSMbG3n31Ev9e9BNZzBiWnSd9bkp5s8CdC3RR5aMUpAh-1726000341.pt@decis
Downloaded model from model-5DHYeSMbG3n31Ev9e9BNZzBiWnSd9bkp5s8CdC3RR5aMUpAh-1726000341.pt@decis in 4.950832843780518 seconds.
Downloading model from model-5GQw7vvU1tzQ8XCVE1FRf3As9MmTZasPZUoiSgDmnnEj9jaP-1726000325.pt@decis
Downloaded model from model-5GQw7vvU1tzQ8XCVE1FRf3As9MmTZasPZUoiSgDmnnEj9jaP-1726000325.pt@decis in 4.612767457962036 seconds.
Downloading model from model-5D2uD6jYfLvpMPsngA3n4VAqxxmXSPtuku1TaXQnPdH3xohZ-1726000314.pt@decis
Downloaded model from model-5D2uD6jYfLvpMPsngA3n4VAqxxmXSPtuku1TaXQnPdH3xohZ-1726000314.pt@decis in 5.811982154846191 seconds.
Uploaded model to model-5F4UUMWF41GsLFvwVpigmoxTKVngDP6C7utvECgtQB83U3fJ-1726000373.pt@decis in 8.010488033294678 seconds.
Deleting old model: model-5F4UUMWF41GsLFvwVpigmoxTKVngDP6C7utvECgtQB83U3fJ-1726000169.pt, still holding: 2 files.
	Waiting for deltas ...
	Waiting for deltas ...
	Waiting for deltas ...
	Waiting for deltas ...
	Waiting for deltas ...
	Waiting for deltas ...
	Waiting for deltas ...
	Waiting for deltas ...
	Waiting for deltas ...
	Waiting for deltas ...
--------------------------------------------------------------------------------
Step: 15, Hash: ce96a8ac538a24a0d5e2161b76b4f670eaf0a864bcf3884072cc45d3d745ec3d, Block: 2768910
	Applying 3 deltas ...
Downloading model from model-5DHYeSMbG3n31Ev9e9BNZzBiWnSd9bkp5s8CdC3RR5aMUpAh-1726000422.pt@decis
Downloaded model from model-5DHYeSMbG3n31Ev9e9BNZzBiWnSd9bkp5s8CdC3RR5aMUpAh-1726000422.pt@decis in 7.166740417480469 seconds.
Downloading model from model-5GQw7vvU1tzQ8XCVE1FRf3As9MmTZasPZUoiSgDmnnEj9jaP-1726000436.pt@decis
Downloaded model from model-5GQw7vvU1tzQ8XCVE1FRf3As9MmTZasPZUoiSgDmnnEj9jaP-1726000436.pt@decis in 5.5823140144348145 seconds.
Downloading model from model-5D2uD6jYfLvpMPsngA3n4VAqxxmXSPtuku1TaXQnPdH3xohZ-1726000428.pt@decis
Downloaded model from model-5D2uD6jYfLvpMPsngA3n4VAqxxmXSPtuku1TaXQnPdH3xohZ-1726000428.pt@decis in 6.637551307678223 seconds.
Uploaded model to model-5F4UUMWF41GsLFvwVpigmoxTKVngDP6C7utvECgtQB83U3fJ-1726000467.pt@decis in 8.180187702178955 seconds.
Deleting old model: model-5F4UUMWF41GsLFvwVpigmoxTKVngDP6C7utvECgtQB83U3fJ-1726000265.pt, still holding: 2 files.
	Waiting for deltas ...
	Waiting for deltas ...
	Waiting for deltas ...
	Waiting for deltas ...
	Waiting for deltas ...
	Waiting for deltas ...
	Waiting for deltas ...
	Waiting for deltas ...
	Waiting for deltas ...
	Waiting for deltas ...
	Waiting for deltas ...
--------------------------------------------------------------------------------
Step: 16, Hash: f3aae2a4096f12eaf95e1a074a2b7a28342b7a57d037c619a5616decb8ebc360, Block: 2768919
	Applying 4 deltas ...
Downloading model from model-5EkVGe9zdK4D1rdPD2qutAbU1HGNcjSt8ibsMQcWnPLNcsxn-1726000540.pt@decis
Downloaded model from model-5EkVGe9zdK4D1rdPD2qutAbU1HGNcjSt8ibsMQcWnPLNcsxn-1726000540.pt@decis in 5.007987976074219 seconds.
Downloading model from model-5DHYeSMbG3n31Ev9e9BNZzBiWnSd9bkp5s8CdC3RR5aMUpAh-1726000541.pt@decis
Downloaded model from model-5DHYeSMbG3n31Ev9e9BNZzBiWnSd9bkp5s8CdC3RR5aMUpAh-1726000541.pt@decis in 4.5938050746917725 seconds.
Downloading model from model-5GQw7vvU1tzQ8XCVE1FRf3As9MmTZasPZUoiSgDmnnEj9jaP-1726000516.pt@decis
Downloaded model from model-5GQw7vvU1tzQ8XCVE1FRf3As9MmTZasPZUoiSgDmnnEj9jaP-1726000516.pt@decis in 5.517005443572998 seconds.
Downloading model from model-5D2uD6jYfLvpMPsngA3n4VAqxxmXSPtuku1TaXQnPdH3xohZ-1726000543.pt@decis
Downloaded model from model-5D2uD6jYfLvpMPsngA3n4VAqxxmXSPtuku1TaXQnPdH3xohZ-1726000543.pt@decis in 5.363407611846924 seconds.
Uploaded model to model-5F4UUMWF41GsLFvwVpigmoxTKVngDP6C7utvECgtQB83U3fJ-1726000572.pt@decis in 4.224137544631958 seconds.
Deleting old model: model-5F4UUMWF41GsLFvwVpigmoxTKVngDP6C7utvECgtQB83U3fJ-1726000373.pt, still holding: 2 files.
	Waiting for deltas ...
	Waiting for deltas ...
	Waiting for deltas ...
	Waiting for deltas ...
	Waiting for deltas ...
	Waiting for deltas ...
	Waiting for deltas ...
	Waiting for deltas ...
	Waiting for deltas ...
--------------------------------------------------------------------------------
Step: 17, Hash: 37bcfee522e6bf0d8201141622e3a0994d2361dfb042ec8ceabe802cbe982683, Block: 2768926
	Applying 3 deltas ...
Downloading model from model-5DHYeSMbG3n31Ev9e9BNZzBiWnSd9bkp5s8CdC3RR5aMUpAh-1726000624.pt@decis
Downloaded model from model-5DHYeSMbG3n31Ev9e9BNZzBiWnSd9bkp5s8CdC3RR5aMUpAh-1726000624.pt@decis in 5.290078163146973 seconds.
Downloading model from model-5GQw7vvU1tzQ8XCVE1FRf3As9MmTZasPZUoiSgDmnnEj9jaP-1726000629.pt@decis
Downloaded model from model-5GQw7vvU1tzQ8XCVE1FRf3As9MmTZasPZUoiSgDmnnEj9jaP-1726000629.pt@decis in 4.56111478805542 seconds.
Downloading model from model-5D2uD6jYfLvpMPsngA3n4VAqxxmXSPtuku1TaXQnPdH3xohZ-1726000625.pt@decis
Downloaded model from model-5D2uD6jYfLvpMPsngA3n4VAqxxmXSPtuku1TaXQnPdH3xohZ-1726000625.pt@decis in 4.6866748332977295 seconds.
Uploaded model to model-5F4UUMWF41GsLFvwVpigmoxTKVngDP6C7utvECgtQB83U3fJ-1726000656.pt@decis in 3.725062370300293 seconds.
Deleting old model: model-5F4UUMWF41GsLFvwVpigmoxTKVngDP6C7utvECgtQB83U3fJ-1726000467.pt, still holding: 2 files.
	Waiting for deltas ...
	Waiting for deltas ...
	Waiting for deltas ...
	Waiting for deltas ...
	Waiting for deltas ...
	Waiting for deltas ...
	Waiting for deltas ...
	Waiting for deltas ...
	Waiting for deltas ...
--------------------------------------------------------------------------------
Step: 18, Hash: faf57ba81524a092e8924895137c23294d788bf9cd74572018c9b1c30a6d91e6, Block: 2768933
	Applying 3 deltas ...
Downloading model from model-5DHYeSMbG3n31Ev9e9BNZzBiWnSd9bkp5s8CdC3RR5aMUpAh-1726000708.pt@decis
Downloaded model from model-5DHYeSMbG3n31Ev9e9BNZzBiWnSd9bkp5s8CdC3RR5aMUpAh-1726000708.pt@decis in 6.646755218505859 seconds.
Downloading model from model-5GQw7vvU1tzQ8XCVE1FRf3As9MmTZasPZUoiSgDmnnEj9jaP-1726000717.pt@decis
Downloaded model from model-5GQw7vvU1tzQ8XCVE1FRf3As9MmTZasPZUoiSgDmnnEj9jaP-1726000717.pt@decis in 5.353755235671997 seconds.
Downloading model from model-5D2uD6jYfLvpMPsngA3n4VAqxxmXSPtuku1TaXQnPdH3xohZ-1726000709.pt@decis
Downloaded model from model-5D2uD6jYfLvpMPsngA3n4VAqxxmXSPtuku1TaXQnPdH3xohZ-1726000709.pt@decis in 4.965871095657349 seconds.
Uploaded model to model-5F4UUMWF41GsLFvwVpigmoxTKVngDP6C7utvECgtQB83U3fJ-1726000745.pt@decis in 6.421469449996948 seconds.
Deleting old model: model-5F4UUMWF41GsLFvwVpigmoxTKVngDP6C7utvECgtQB83U3fJ-1726000572.pt, still holding: 2 files.
	Waiting for deltas ...
	Waiting for deltas ...
	Waiting for deltas ...
	Waiting for deltas ...
	Waiting for deltas ...
	Waiting for deltas ...
	Waiting for deltas ...
	Waiting for deltas ...
	Waiting for deltas ...
	Waiting for deltas ...
--------------------------------------------------------------------------------
Step: 19, Hash: ce2330832fffaf44a83f715ea9ce7aebb6d08388166eb6042ea4894b5858e5e5, Block: 2768941
	Applying 3 deltas ...
Downloading model from model-5EkVGe9zdK4D1rdPD2qutAbU1HGNcjSt8ibsMQcWnPLNcsxn-1726000810.pt@decis
Downloaded model from model-5EkVGe9zdK4D1rdPD2qutAbU1HGNcjSt8ibsMQcWnPLNcsxn-1726000810.pt@decis in 8.070833683013916 seconds.
Downloading model from model-5DHYeSMbG3n31Ev9e9BNZzBiWnSd9bkp5s8CdC3RR5aMUpAh-1726000793.pt@decis
Downloaded model from model-5DHYeSMbG3n31Ev9e9BNZzBiWnSd9bkp5s8CdC3RR5aMUpAh-1726000793.pt@decis in 5.352130174636841 seconds.
Downloading model from model-5GQw7vvU1tzQ8XCVE1FRf3As9MmTZasPZUoiSgDmnnEj9jaP-1726000792.pt@decis
Downloaded model from model-5GQw7vvU1tzQ8XCVE1FRf3As9MmTZasPZUoiSgDmnnEj9jaP-1726000792.pt@decis in 4.794172286987305 seconds.
Uploaded model to model-5F4UUMWF41GsLFvwVpigmoxTKVngDP6C7utvECgtQB83U3fJ-1726000841.pt@decis in 4.148914337158203 seconds.
Deleting old model: model-5F4UUMWF41GsLFvwVpigmoxTKVngDP6C7utvECgtQB83U3fJ-1726000656.pt, still holding: 2 files.
	Waiting for deltas ...
	Waiting for deltas ...
	Waiting for deltas ...
	Waiting for deltas ...
	Waiting for deltas ...
	Waiting for deltas ...
	Waiting for deltas ...
	Waiting for deltas ...
	Waiting for deltas ...
	Waiting for deltas ...
--------------------------------------------------------------------------------
Step: 20, Hash: 802de75088f3df412a9a10cc4ce73b441c7709d402eb53b3a2435bd5932c4189, Block: 2768949
	Applying 3 deltas ...
Downloading model from model-5EkVGe9zdK4D1rdPD2qutAbU1HGNcjSt8ibsMQcWnPLNcsxn-1726000892.pt@decis
Downloaded model from model-5EkVGe9zdK4D1rdPD2qutAbU1HGNcjSt8ibsMQcWnPLNcsxn-1726000892.pt@decis in 9.728575706481934 seconds.
Downloading model from model-5GQw7vvU1tzQ8XCVE1FRf3As9MmTZasPZUoiSgDmnnEj9jaP-1726000903.pt@decis
Downloaded model from model-5GQw7vvU1tzQ8XCVE1FRf3As9MmTZasPZUoiSgDmnnEj9jaP-1726000903.pt@decis in 10.808324575424194 seconds.
Downloading model from model-5D2uD6jYfLvpMPsngA3n4VAqxxmXSPtuku1TaXQnPdH3xohZ-1726000904.pt@decis
Downloaded model from model-5D2uD6jYfLvpMPsngA3n4VAqxxmXSPtuku1TaXQnPdH3xohZ-1726000904.pt@decis in 5.883678436279297 seconds.
Uploaded model to model-5F4UUMWF41GsLFvwVpigmoxTKVngDP6C7utvECgtQB83U3fJ-1726000941.pt@decis in 4.321659326553345 seconds.
Deleting old model: model-5F4UUMWF41GsLFvwVpigmoxTKVngDP6C7utvECgtQB83U3fJ-1726000745.pt, still holding: 2 files.
	Waiting for deltas ...
	Waiting for deltas ...
	Waiting for deltas ...
	Waiting for deltas ...
	Waiting for deltas ...
	Waiting for deltas ...
	Waiting for deltas ...
	Waiting for deltas ...
	Waiting for deltas ...
	Waiting for deltas ...
	Waiting for deltas ...
--------------------------------------------------------------------------------
Step: 21, Hash: d403f93887075dcc7ca1021406f144a842c71a3c1d53aec55f81dc97718c7f1a, Block: 2768958
	Applying 3 deltas ...
Downloading model from model-5EkVGe9zdK4D1rdPD2qutAbU1HGNcjSt8ibsMQcWnPLNcsxn-1726001003.pt@decis
Downloaded model from model-5EkVGe9zdK4D1rdPD2qutAbU1HGNcjSt8ibsMQcWnPLNcsxn-1726001003.pt@decis in 4.65936803817749 seconds.
Downloading model from model-5DHYeSMbG3n31Ev9e9BNZzBiWnSd9bkp5s8CdC3RR5aMUpAh-1726000983.pt@decis
Downloaded model from model-5DHYeSMbG3n31Ev9e9BNZzBiWnSd9bkp5s8CdC3RR5aMUpAh-1726000983.pt@decis in 3.733457565307617 seconds.
Downloading model from model-5GQw7vvU1tzQ8XCVE1FRf3As9MmTZasPZUoiSgDmnnEj9jaP-1726001012.pt@decis
Downloaded model from model-5GQw7vvU1tzQ8XCVE1FRf3As9MmTZasPZUoiSgDmnnEj9jaP-1726001012.pt@decis in 3.7498066425323486 seconds.
Uploaded model to model-5F4UUMWF41GsLFvwVpigmoxTKVngDP6C7utvECgtQB83U3fJ-1726001032.pt@decis in 6.673745393753052 seconds.
Deleting old model: model-5F4UUMWF41GsLFvwVpigmoxTKVngDP6C7utvECgtQB83U3fJ-1726000841.pt, still holding: 2 files.
	Waiting for deltas ...
	Waiting for deltas ...
	Waiting for deltas ...
	Waiting for deltas ...
	Waiting for deltas ...
	Waiting for deltas ...
	Waiting for deltas ...
	Waiting for deltas ...
	Waiting for deltas ...
--------------------------------------------------------------------------------
Step: 22, Hash: dd645e92651bedf4b073ef0134c03af5bece775e242db8d74c93bc5b78917388, Block: 2768965
	Applying 3 deltas ...
Downloading model from model-5EkVGe9zdK4D1rdPD2qutAbU1HGNcjSt8ibsMQcWnPLNcsxn-1726001081.pt@decis
Downloaded model from model-5EkVGe9zdK4D1rdPD2qutAbU1HGNcjSt8ibsMQcWnPLNcsxn-1726001081.pt@decis in 4.745102167129517 seconds.
Downloading model from model-5GQw7vvU1tzQ8XCVE1FRf3As9MmTZasPZUoiSgDmnnEj9jaP-1726001088.pt@decis
Downloaded model from model-5GQw7vvU1tzQ8XCVE1FRf3As9MmTZasPZUoiSgDmnnEj9jaP-1726001088.pt@decis in 5.99335241317749 seconds.
Downloading model from model-5D2uD6jYfLvpMPsngA3n4VAqxxmXSPtuku1TaXQnPdH3xohZ-1726001096.pt@decis
Downloaded model from model-5D2uD6jYfLvpMPsngA3n4VAqxxmXSPtuku1TaXQnPdH3xohZ-1726001096.pt@decis in 4.148936986923218 seconds.
Uploaded model to model-5F4UUMWF41GsLFvwVpigmoxTKVngDP6C7utvECgtQB83U3fJ-1726001116.pt@decis in 3.993187189102173 seconds.
Deleting old model: model-5F4UUMWF41GsLFvwVpigmoxTKVngDP6C7utvECgtQB83U3fJ-1726000941.pt, still holding: 2 files.
	Waiting for deltas ...
	Waiting for deltas ...
Traceback (most recent call last):
  File "/home/ubuntu/frontend/bistro/master.py", line 150, in main
    delta_meta = get_latest_metadata( uid, metagraph, subtensor, CLIENT = CLIENT )
  File "/home/ubuntu/frontend/bistro/common.py", line 152, in get_latest_metadata
    metadata = get_latest_metadata_for_hotkey_and_bucket( hotkey = hotkey, bucket = bucket, CLIENT = CLIENT )
  File "/home/ubuntu/frontend/bistro/common.py", line 122, in get_latest_metadata_for_hotkey_and_bucket
    metadata_response = CLIENT.get_object(Bucket=bucket, Key=metadata_filename)
  File "/home/ubuntu/frontend/venv/lib/python3.10/site-packages/botocore/client.py", line 569, in _api_call
    return self._make_api_call(operation_name, kwargs)
  File "/home/ubuntu/frontend/venv/lib/python3.10/site-packages/botocore/client.py", line 1005, in _make_api_call
    http, parsed_response = self._make_request(
  File "/home/ubuntu/frontend/venv/lib/python3.10/site-packages/botocore/client.py", line 1029, in _make_request
    return self._endpoint.make_request(operation_model, request_dict)
  File "/home/ubuntu/frontend/venv/lib/python3.10/site-packages/botocore/endpoint.py", line 119, in make_request
    return self._send_request(request_dict, operation_model)
  File "/home/ubuntu/frontend/venv/lib/python3.10/site-packages/botocore/endpoint.py", line 197, in _send_request
    success_response, exception = self._get_response(
  File "/home/ubuntu/frontend/venv/lib/python3.10/site-packages/botocore/endpoint.py", line 239, in _get_response
    success_response, exception = self._do_get_response(
  File "/home/ubuntu/frontend/venv/lib/python3.10/site-packages/botocore/endpoint.py", line 279, in _do_get_response
    http_response = self._send(request)
  File "/home/ubuntu/frontend/venv/lib/python3.10/site-packages/botocore/endpoint.py", line 375, in _send
    return self.http_session.send(request)
  File "/home/ubuntu/frontend/venv/lib/python3.10/site-packages/botocore/httpsession.py", line 464, in send
    urllib_response = conn.urlopen(
  File "/home/ubuntu/frontend/venv/lib/python3.10/site-packages/urllib3/connectionpool.py", line 789, in urlopen
    response = self._make_request(
  File "/home/ubuntu/frontend/venv/lib/python3.10/site-packages/urllib3/connectionpool.py", line 536, in _make_request
    response = conn.getresponse()
  File "/home/ubuntu/frontend/venv/lib/python3.10/site-packages/urllib3/connection.py", line 464, in getresponse
    httplib_response = super().getresponse()
  File "/usr/lib/python3.10/http/client.py", line 1375, in getresponse
    response.begin()
  File "/usr/lib/python3.10/http/client.py", line 318, in begin
    version, status, reason = self._read_status()
  File "/usr/lib/python3.10/http/client.py", line 279, in _read_status
    line = str(self.fp.readline(_MAXLINE + 1), "iso-8859-1")
  File "/usr/lib/python3.10/socket.py", line 705, in readinto
    return self._sock.recv_into(b)
  File "/usr/lib/python3.10/ssl.py", line 1303, in recv_into
    return self.read(nbytes, buffer)
  File "/usr/lib/python3.10/ssl.py", line 1159, in read
    return self._sslobj.read(len, buffer)
KeyboardInterrupt
During handling of the above exception, another exception occurred:
Traceback (most recent call last):
  File "/home/ubuntu/frontend/bistro/master.py", line 244, in <module>
  File "/home/ubuntu/frontend/bistro/master.py", line 215, in main
    break
AttributeError: 'Run' object has no attribute 'delete'
╭───────────────────── Traceback (most recent call last) ──────────────────────╮
│ /home/ubuntu/frontend/bistro/master.py:150 in main                           │
│                                                                              │
│   147 │   │   │   pending = []                                               │
│   148 │   │   │   for uid in metagraph.uids:                                 │
│   149 │   │   │   │   if uid == my_uid: continue                             │
│ ❱ 150 │   │   │   │   delta_meta = get_latest_metadata( uid, metagraph, subt │
│   151 │   │   │   │   if delta_meta == None or delta_meta.master_hash != mas │
│   152 │   │   │   │   │   continue                                           │
│   153 │   │   │   │   pending.append( delta_meta )                           │
│                                                                              │
│ /home/ubuntu/frontend/bistro/common.py:152 in get_latest_metadata            │
│                                                                              │
│   149 │   │   # Get the bucket name using the subtensor and metagraph inform │
│   150 │   │   bucket = subtensor.get_commitment(metagraph.netuid, uid)       │
│   151 │   │   hotkey = metagraph.hotkeys[uid]                                │
│ ❱ 152 │   │   metadata = get_latest_metadata_for_hotkey_and_bucket( hotkey = │
│   153 │   │   if metadata != None:                                           │
│   154 │   │   │   metadata.uid = int(uid)                                    │
│   155 │   │   │   return metadata                                            │
│                                                                              │
│ /home/ubuntu/frontend/bistro/common.py:122 in                                │
│ get_latest_metadata_for_hotkey_and_bucket                                    │
│                                                                              │
│   119 │   metadata['metadata_filename'] = metadata_filename                  │
│   120 │                                                                      │
│   121 │   # Get the metadata file from the storage service                   │
│ ❱ 122 │   metadata_response = CLIENT.get_object(Bucket=bucket, Key=metadata_ │
│   123 │                                                                      │
│   124 │   # Read and update the metadata with the content of the metadata fi │
│   125 │   metadata_json = json.loads(metadata_response['Body'].read().decode │
│                                                                              │
│ /home/ubuntu/frontend/venv/lib/python3.10/site-packages/botocore/client.py:5 │
│ 69 in _api_call                                                              │
│                                                                              │
│    566 │   │   │   │   │   f"{py_operation_name}() only accepts keyword argu │
│    567 │   │   │   │   )                                                     │
│    568 │   │   │   # The "self" in this scope is referring to the BaseClient │
│ ❱  569 │   │   │   return self._make_api_call(operation_name, kwargs)        │
│    570 │   │                                                                 │
│    571 │   │   _api_call.__name__ = str(py_operation_name)                   │
│    572                                                                       │
│                                                                              │
│ /home/ubuntu/frontend/venv/lib/python3.10/site-packages/botocore/client.py:1 │
│ 005 in _make_api_call                                                        │
│                                                                              │
│   1002 │   │   │   │   self.meta.config, request_dict, operation_model       │
│   1003 │   │   │   )                                                         │
│   1004 │   │   │   apply_request_checksum(request_dict)                      │
│ ❱ 1005 │   │   │   http, parsed_response = self._make_request(               │
│   1006 │   │   │   │   operation_model, request_dict, request_context        │
│   1007 │   │   │   )                                                         │
│   1008                                                                       │
│                                                                              │
│ /home/ubuntu/frontend/venv/lib/python3.10/site-packages/botocore/client.py:1 │
│ 029 in _make_request                                                         │
│                                                                              │
│   1026 │                                                                     │
│   1027 │   def _make_request(self, operation_model, request_dict, request_co │
│   1028 │   │   try:                                                          │
│ ❱ 1029 │   │   │   return self._endpoint.make_request(operation_model, reque │
│   1030 │   │   except Exception as e:                                        │
│   1031 │   │   │   self.meta.events.emit(                                    │
│   1032 │   │   │   │   f'after-call-error.{self._service_model.service_id.hy │
│                                                                              │
│ /home/ubuntu/frontend/venv/lib/python3.10/site-packages/botocore/endpoint.py │
│ :119 in make_request                                                         │
│                                                                              │
│   116 │   │   │   operation_model,                                           │
│   117 │   │   │   request_dict,                                              │
│   118 │   │   )                                                              │
│ ❱ 119 │   │   return self._send_request(request_dict, operation_model)       │
│   120 │                                                                      │
│   121 │   def create_request(self, params, operation_model=None):            │
│   122 │   │   request = create_request_object(params)                        │
│                                                                              │
│ /home/ubuntu/frontend/venv/lib/python3.10/site-packages/botocore/endpoint.py │
│ :197 in _send_request                                                        │
│                                                                              │
│   194 │   │   context = request_dict['context']                              │
│   195 │   │   self._update_retries_context(context, attempts)                │
│   196 │   │   request = self.create_request(request_dict, operation_model)   │
│ ❱ 197 │   │   success_response, exception = self._get_response(              │
│   198 │   │   │   request, operation_model, context                          │
│   199 │   │   )                                                              │
│   200 │   │   while self._needs_retry(                                       │
│                                                                              │
│ /home/ubuntu/frontend/venv/lib/python3.10/site-packages/botocore/endpoint.py │
│ :239 in _get_response                                                        │
│                                                                              │
│   236 │   │   # (http_response, parsed_dict).                                │
│   237 │   │   # If an exception occurs then the success_response is None.    │
│   238 │   │   # If no exception occurs then exception is None.               │
│ ❱ 239 │   │   success_response, exception = self._do_get_response(           │
│   240 │   │   │   request, operation_model, context                          │
│   241 │   │   )                                                              │
│   242 │   │   kwargs_to_emit = {                                             │
│                                                                              │
│ /home/ubuntu/frontend/venv/lib/python3.10/site-packages/botocore/endpoint.py │
│ :279 in _do_get_response                                                     │
│                                                                              │
│   276 │   │   │   responses = self._event_emitter.emit(event_name, request=r │
│   277 │   │   │   http_response = first_non_none_response(responses)         │
│   278 │   │   │   if http_response is None:                                  │
│ ❱ 279 │   │   │   │   http_response = self._send(request)                    │
│   280 │   │   except HTTPClientError as e:                                   │
│   281 │   │   │   return (None, e)                                           │
│   282 │   │   except Exception as e:                                         │
│                                                                              │
│ /home/ubuntu/frontend/venv/lib/python3.10/site-packages/botocore/endpoint.py │
│ :375 in _send                                                                │
│                                                                              │
│   372 │   │   │   return True                                                │
│   373 │                                                                      │
│   374 │   def _send(self, request):                                          │
│ ❱ 375 │   │   return self.http_session.send(request)                         │
│   376                                                                        │
│   377                                                                        │
│   378 class EndpointCreator:                                                 │
│                                                                              │
│ /home/ubuntu/frontend/venv/lib/python3.10/site-packages/botocore/httpsession │
│ .py:464 in send                                                              │
│                                                                              │
│   461 │   │   │   │   conn.proxy_headers['host'] = host                      │
│   462 │   │   │                                                              │
│   463 │   │   │   request_target = self._get_request_target(request.url, pro │
│ ❱ 464 │   │   │   urllib_response = conn.urlopen(                            │
│   465 │   │   │   │   method=request.method,                                 │
│   466 │   │   │   │   url=request_target,                                    │
│   467 │   │   │   │   body=request.body,                                     │
│                                                                              │
│ /home/ubuntu/frontend/venv/lib/python3.10/site-packages/urllib3/connectionpo │
│ ol.py:789 in urlopen                                                         │
│                                                                              │
│    786 │   │   │   response_conn = conn if not release_conn else None        │
│    787 │   │   │                                                             │
│    788 │   │   │   # Make the request on the HTTPConnection object           │
│ ❱  789 │   │   │   response = self._make_request(                            │
│    790 │   │   │   │   conn,                                                 │
│    791 │   │   │   │   method,                                               │
│    792 │   │   │   │   url,                                                  │
│                                                                              │
│ /home/ubuntu/frontend/venv/lib/python3.10/site-packages/urllib3/connectionpo │
│ ol.py:536 in _make_request                                                   │
│                                                                              │
│    533 │   │                                                                 │
│    534 │   │   # Receive the response from the server                        │
│    535 │   │   try:                                                          │
│ ❱  536 │   │   │   response = conn.getresponse()                             │
│    537 │   │   except (BaseSSLError, OSError) as e:                          │
│    538 │   │   │   self._raise_timeout(err=e, url=url, timeout_value=read_ti │
│    539 │   │   │   raise                                                     │
│                                                                              │
│ /home/ubuntu/frontend/venv/lib/python3.10/site-packages/urllib3/connection.p │
│ y:464 in getresponse                                                         │
│                                                                              │
│   461 │   │   from .response import HTTPResponse                             │
│   462 │   │                                                                  │
│   463 │   │   # Get the response from http.client.HTTPConnection             │
│ ❱ 464 │   │   httplib_response = super().getresponse()                       │
│   465 │   │                                                                  │
│   466 │   │   try:                                                           │
│   467 │   │   │   assert_header_parsing(httplib_response.msg)                │
│                                                                              │
│ /usr/lib/python3.10/http/client.py:1375 in getresponse                       │
│                                                                              │
│   1372 │   │                                                                 │
│   1373 │   │   try:                                                          │
│   1374 │   │   │   try:                                                      │
│ ❱ 1375 │   │   │   │   response.begin()                                      │
│   1376 │   │   │   except ConnectionError:                                   │
│   1377 │   │   │   │   self.close()                                          │
│   1378 │   │   │   │   raise                                                 │
│                                                                              │
│ /usr/lib/python3.10/http/client.py:318 in begin                              │
│                                                                              │
│    315 │   │                                                                 │
│    316 │   │   # read until we get a non-100 response                        │
│    317 │   │   while True:                                                   │
│ ❱  318 │   │   │   version, status, reason = self._read_status()             │
│    319 │   │   │   if status != CONTINUE:                                    │
│    320 │   │   │   │   break                                                 │
│    321 │   │   │   # skip the header from the 100 response                   │
│                                                                              │
│ /usr/lib/python3.10/http/client.py:279 in _read_status                       │
│                                                                              │
│    276 │   │   self.will_close = _UNKNOWN      # conn will close at end of r │
│    277 │                                                                     │
│    278 │   def _read_status(self):                                           │
│ ❱  279 │   │   line = str(self.fp.readline(_MAXLINE + 1), "iso-8859-1")      │
│    280 │   │   if len(line) > _MAXLINE:                                      │
│    281 │   │   │   raise LineTooLong("status line")                          │
│    282 │   │   if self.debuglevel > 0:                                       │
│                                                                              │
│ /usr/lib/python3.10/socket.py:705 in readinto                                │
│                                                                              │
│   702 │   │   │   raise OSError("cannot read from timed out object")         │
│   703 │   │   while True:                                                    │
│   704 │   │   │   try:                                                       │
│ ❱ 705 │   │   │   │   return self._sock.recv_into(b)                         │
│   706 │   │   │   except timeout:                                            │
│   707 │   │   │   │   self._timeout_occurred = True                          │
│   708 │   │   │   │   raise                                                  │
│                                                                              │
│ /usr/lib/python3.10/ssl.py:1303 in recv_into                                 │
│                                                                              │
│   1300 │   │   │   │   raise ValueError(                                     │
│   1301 │   │   │   │     "non-zero flags not allowed in calls to recv_into() │
│   1302 │   │   │   │     self.__class__)                                     │
│ ❱ 1303 │   │   │   return self.read(nbytes, buffer)                          │
│   1304 │   │   else:                                                         │
│   1305 │   │   │   return super().recv_into(buffer, nbytes, flags)           │
│   1306                                                                       │
│                                                                              │
│ /usr/lib/python3.10/ssl.py:1159 in read                                      │
│                                                                              │
│   1156 │   │   │   raise ValueError("Read on closed or unwrapped SSL socket. │
│   1157 │   │   try:                                                          │
│   1158 │   │   │   if buffer is not None:                                    │
│ ❱ 1159 │   │   │   │   return self._sslobj.read(len, buffer)                 │
│   1160 │   │   │   else:                                                     │
│   1161 │   │   │   │   return self._sslobj.read(len)                         │
│   1162 │   │   except SSLError as x:                                         │
╰──────────────────────────────────────────────────────────────────────────────╯
KeyboardInterrupt
During handling of the above exception, another exception occurred:
╭───────────────────── Traceback (most recent call last) ──────────────────────╮
│ /home/ubuntu/frontend/bistro/master.py:244 in <module>                       │
│                                                                              │
│   241 │   config = bt.config( parser )                                       │
│   242 │   main( config )                                                     │
│   243                                                                        │
│                                                                              │
│ /home/ubuntu/frontend/bistro/master.py:215 in main                           │
│                                                                              │
│   212 │   │   except (KeyboardInterrupt, SystemExit):                        │
│   213 │   │   │   if config.use_wandb: run.delete()                          │
│   214 │   │   │   handle_exit_signal( None, None, history, config )          │
│ ❱ 215 │   │   │   break                                                      │
│   216 │   │                                                                  │
│   217 │   │   # Handle unknown exceptions, continue training after 5 seconds │
│   218 │   │   except Exception as e:                                         │
╰──────────────────────────────────────────────────────────────────────────────╯
AttributeError: 'Run' object has no attribute 'delete'