
	Waiting for deltas ...
	Waiting for deltas ...
	Waiting for deltas ...
	Waiting for deltas ...
	Waiting for deltas ...
	Waiting for deltas ...
	Waiting for deltas ...
	Waiting for deltas ...
	Waiting for deltas ...
	Waiting for deltas ...
	Waiting for deltas ...
	Waiting for deltas ...
	Waiting for deltas ...
	Waiting for deltas ...
	Waiting for deltas ...
	Waiting for deltas ...
	Waiting for deltas ...
	Waiting for deltas ...
	Waiting for deltas ...
	Waiting for deltas ...
	Waiting for deltas ...
	Waiting for deltas ...
	Waiting for deltas ...
	Waiting for deltas ...
	Waiting for deltas ...
--------------------------------------------------------------------------------
Step: 1, Hash: 4e573cb9bea4300b9fef799145d1b45346d7e1528f9902e8d21368f8397b99ee, Block: 2769002
	Applying 4 deltas ...
Downloading model from model-5EkVGe9zdK4D1rdPD2qutAbU1HGNcjSt8ibsMQcWnPLNcsxn-1726001524.pt@decis
Downloaded model from model-5EkVGe9zdK4D1rdPD2qutAbU1HGNcjSt8ibsMQcWnPLNcsxn-1726001524.pt@decis in 20.61766529083252 seconds.
Downloading model from model-5DHYeSMbG3n31Ev9e9BNZzBiWnSd9bkp5s8CdC3RR5aMUpAh-1726001523.pt@decis
Downloaded model from model-5DHYeSMbG3n31Ev9e9BNZzBiWnSd9bkp5s8CdC3RR5aMUpAh-1726001523.pt@decis in 21.06754207611084 seconds.
Downloading model from model-5GQw7vvU1tzQ8XCVE1FRf3As9MmTZasPZUoiSgDmnnEj9jaP-1726001519.pt@decis
Downloaded model from model-5GQw7vvU1tzQ8XCVE1FRf3As9MmTZasPZUoiSgDmnnEj9jaP-1726001519.pt@decis in 29.328670501708984 seconds.
Downloading model from model-5D2uD6jYfLvpMPsngA3n4VAqxxmXSPtuku1TaXQnPdH3xohZ-1726001519.pt@decis
Downloaded model from model-5D2uD6jYfLvpMPsngA3n4VAqxxmXSPtuku1TaXQnPdH3xohZ-1726001519.pt@decis in 32.18315839767456 seconds.
Uploaded model to model-5F4UUMWF41GsLFvwVpigmoxTKVngDP6C7utvECgtQB83U3fJ-1726001659.pt@decis in 21.913082122802734 seconds.
	Waiting for deltas ...
	Waiting for deltas ...
	Waiting for deltas ...
	Waiting for deltas ...
	Waiting for deltas ...
	Waiting for deltas ...
	Waiting for deltas ...
	Waiting for deltas ...
	Waiting for deltas ...
	Waiting for deltas ...
	Waiting for deltas ...
	Waiting for deltas ...
	Waiting for deltas ...
	Waiting for deltas ...
	Waiting for deltas ...
	Waiting for deltas ...
	Waiting for deltas ...
	Waiting for deltas ...
	Waiting for deltas ...
	Waiting for deltas ...
	Waiting for deltas ...
	Waiting for deltas ...
	Waiting for deltas ...
	Waiting for deltas ...
	Waiting for deltas ...
	Waiting for deltas ...
--------------------------------------------------------------------------------
Step: 2, Hash: 794c6a1f403eef0f83c5fb5a8ec69a9489961f2abdda292606e294b61340e62f, Block: 2769034
	Applying 3 deltas ...
Downloading model from model-5EkVGe9zdK4D1rdPD2qutAbU1HGNcjSt8ibsMQcWnPLNcsxn-1726001898.pt@decis
Downloaded model from model-5EkVGe9zdK4D1rdPD2qutAbU1HGNcjSt8ibsMQcWnPLNcsxn-1726001898.pt@decis in 19.51027822494507 seconds.
Downloading model from model-5DHYeSMbG3n31Ev9e9BNZzBiWnSd9bkp5s8CdC3RR5aMUpAh-1726001843.pt@decis
Downloaded model from model-5DHYeSMbG3n31Ev9e9BNZzBiWnSd9bkp5s8CdC3RR5aMUpAh-1726001843.pt@decis in 23.700471878051758 seconds.
Downloading model from model-5GQw7vvU1tzQ8XCVE1FRf3As9MmTZasPZUoiSgDmnnEj9jaP-1726001841.pt@decis
Downloaded model from model-5GQw7vvU1tzQ8XCVE1FRf3As9MmTZasPZUoiSgDmnnEj9jaP-1726001841.pt@decis in 22.691153049468994 seconds.
Uploaded model to model-5F4UUMWF41GsLFvwVpigmoxTKVngDP6C7utvECgtQB83U3fJ-1726001999.pt@decis in 20.32518768310547 seconds.
Deleting old model: model-5F4UUMWF41GsLFvwVpigmoxTKVngDP6C7utvECgtQB83U3fJ-1726001256.pt, still holding: 2 files.
	Waiting for deltas ...
	Waiting for deltas ...
	Waiting for deltas ...
	Waiting for deltas ...
	Waiting for deltas ...
	Waiting for deltas ...
	Waiting for deltas ...
	Waiting for deltas ...
	Waiting for deltas ...
	Waiting for deltas ...
	Waiting for deltas ...
	Waiting for deltas ...
	Waiting for deltas ...
	Waiting for deltas ...
	Waiting for deltas ...
	Waiting for deltas ...
	Waiting for deltas ...
	Waiting for deltas ...
	Waiting for deltas ...
	Waiting for deltas ...
	Waiting for deltas ...
	Waiting for deltas ...
	Waiting for deltas ...
	Waiting for deltas ...
	Waiting for deltas ...
	Waiting for deltas ...
	Waiting for deltas ...
	Waiting for deltas ...
	Waiting for deltas ...
	Waiting for deltas ...
	Waiting for deltas ...
	Waiting for deltas ...
	Waiting for deltas ...
	Waiting for deltas ...
	Waiting for deltas ...
--------------------------------------------------------------------------------
Step: 3, Hash: a9ec64c3cc8f1a1fd7195efd7b33576b566a091dcb0e1a7ac369b19145e8b643, Block: 2769067
	Applying 3 deltas ...
Downloading model from model-5EkVGe9zdK4D1rdPD2qutAbU1HGNcjSt8ibsMQcWnPLNcsxn-1726002261.pt@decis
Downloaded model from model-5EkVGe9zdK4D1rdPD2qutAbU1HGNcjSt8ibsMQcWnPLNcsxn-1726002261.pt@decis in 27.640427827835083 seconds.
Downloading model from model-5GQw7vvU1tzQ8XCVE1FRf3As9MmTZasPZUoiSgDmnnEj9jaP-1726002301.pt@decis
Downloaded model from model-5GQw7vvU1tzQ8XCVE1FRf3As9MmTZasPZUoiSgDmnnEj9jaP-1726002301.pt@decis in 20.610507249832153 seconds.
Downloading model from model-5D2uD6jYfLvpMPsngA3n4VAqxxmXSPtuku1TaXQnPdH3xohZ-1726002292.pt@decis
Downloaded model from model-5D2uD6jYfLvpMPsngA3n4VAqxxmXSPtuku1TaXQnPdH3xohZ-1726002292.pt@decis in 28.23276424407959 seconds.
Uploaded model to model-5F4UUMWF41GsLFvwVpigmoxTKVngDP6C7utvECgtQB83U3fJ-1726002406.pt@decis in 21.494282245635986 seconds.
Deleting old model: model-5F4UUMWF41GsLFvwVpigmoxTKVngDP6C7utvECgtQB83U3fJ-1726001659.pt, still holding: 2 files.
	Waiting for deltas ...
	Waiting for deltas ...
	Waiting for deltas ...
	Waiting for deltas ...
	Waiting for deltas ...
	Waiting for deltas ...
	Waiting for deltas ...
	Waiting for deltas ...
	Waiting for deltas ...
	Waiting for deltas ...
	Waiting for deltas ...
	Waiting for deltas ...
	Waiting for deltas ...
	Waiting for deltas ...
	Waiting for deltas ...
	Waiting for deltas ...
	Waiting for deltas ...
	Waiting for deltas ...
	Waiting for deltas ...
	Waiting for deltas ...
	Waiting for deltas ...
	Waiting for deltas ...
	Waiting for deltas ...
	Waiting for deltas ...
	Waiting for deltas ...
	Waiting for deltas ...
--------------------------------------------------------------------------------
Step: 4, Hash: f5745c7935a9a5096fcfc892f6fbbe06fe83699fb8752a26b17e312fee8f171c, Block: 2769094
	Applying 3 deltas ...
Downloading model from model-5EkVGe9zdK4D1rdPD2qutAbU1HGNcjSt8ibsMQcWnPLNcsxn-1726002625.pt@decis
Downloaded model from model-5EkVGe9zdK4D1rdPD2qutAbU1HGNcjSt8ibsMQcWnPLNcsxn-1726002625.pt@decis in 23.243873834609985 seconds.
Downloading model from model-5GQw7vvU1tzQ8XCVE1FRf3As9MmTZasPZUoiSgDmnnEj9jaP-1726002607.pt@decis
Downloaded model from model-5GQw7vvU1tzQ8XCVE1FRf3As9MmTZasPZUoiSgDmnnEj9jaP-1726002607.pt@decis in 29.257270097732544 seconds.
Downloading model from model-5D2uD6jYfLvpMPsngA3n4VAqxxmXSPtuku1TaXQnPdH3xohZ-1726002602.pt@decis
Downloaded model from model-5D2uD6jYfLvpMPsngA3n4VAqxxmXSPtuku1TaXQnPdH3xohZ-1726002602.pt@decis in 28.760682582855225 seconds.
Uploaded model to model-5F4UUMWF41GsLFvwVpigmoxTKVngDP6C7utvECgtQB83U3fJ-1726002741.pt@decis in 20.962013244628906 seconds.
Deleting old model: model-5F4UUMWF41GsLFvwVpigmoxTKVngDP6C7utvECgtQB83U3fJ-1726001999.pt, still holding: 2 files.
	Waiting for deltas ...
	Waiting for deltas ...
	Waiting for deltas ...
	Waiting for deltas ...
Traceback (most recent call last):
  File "/home/ubuntu/frontend/bistro/master.py", line 143, in main
    print ('\tWaiting for deltas ...')
  File "/home/ubuntu/frontend/venv/lib/python3.10/site-packages/bittensor/subtensor.py", line 243, in __init__
    self.substrate = SubstrateInterface(
  File "/home/ubuntu/frontend/venv/lib/python3.10/site-packages/substrateinterface/base.py", line 133, in __init__
    self.connect_websocket()
  File "/home/ubuntu/frontend/venv/lib/python3.10/site-packages/substrateinterface/base.py", line 183, in connect_websocket
    self.websocket = create_connection(
  File "/home/ubuntu/frontend/venv/lib/python3.10/site-packages/websocket/_core.py", line 646, in create_connection
    websock.connect(url, **options)
  File "/home/ubuntu/frontend/venv/lib/python3.10/site-packages/websocket/_core.py", line 256, in connect
    self.sock, addrs = connect(
  File "/home/ubuntu/frontend/venv/lib/python3.10/site-packages/websocket/_http.py", line 151, in connect
    sock = _ssl_socket(sock, options.sslopt, hostname)
  File "/home/ubuntu/frontend/venv/lib/python3.10/site-packages/websocket/_http.py", line 311, in _ssl_socket
    sock = _wrap_sni_socket(sock, sslopt, hostname, check_hostname)
  File "/home/ubuntu/frontend/venv/lib/python3.10/site-packages/websocket/_http.py", line 281, in _wrap_sni_socket
    return context.wrap_socket(
  File "/usr/lib/python3.10/ssl.py", line 513, in wrap_socket
    return self.sslsocket_class._create(
  File "/usr/lib/python3.10/ssl.py", line 1100, in _create
    self.do_handshake()
  File "/usr/lib/python3.10/ssl.py", line 1371, in do_handshake
    self._sslobj.do_handshake()
KeyboardInterrupt
During handling of the above exception, another exception occurred:
Traceback (most recent call last):
  File "/home/ubuntu/frontend/bistro/master.py", line 242, in <module>
  File "/home/ubuntu/frontend/bistro/master.py", line 213, in main
    print(f"Error: {e}")
AttributeError: 'Run' object has no attribute 'delete'
╭───────────────────── Traceback (most recent call last) ──────────────────────╮
│ /home/ubuntu/frontend/bistro/master.py:143 in main                           │
│                                                                              │
│   140 │   │   │   │   │   continue                                           │
│   141 │   │   │   │   pending.append( delta_meta )                           │
│   142 │   │   │   if len( pending ) < config.n_accumulations:                │
│ ❱ 143 │   │   │   │   print ('\tWaiting for deltas ...')                     │
│   144 │   │   │   │   continue                                               │
│   145 │   │   │                                                              │
│   146 │   │   │   # Got deltas, starting step.                               │
│                                                                              │
│ /home/ubuntu/frontend/venv/lib/python3.10/site-packages/bittensor/subtensor. │
│ py:243 in __init__                                                           │
│                                                                              │
│    240 │   │   # Attempt to connect to chosen endpoint. Fallback to finney i │
│    241 │   │   try:                                                          │
│    242 │   │   │   # Set up params.                                          │
│ ❱  243 │   │   │   self.substrate = SubstrateInterface(                      │
│    244 │   │   │   │   ss58_format=bittensor.__ss58_format__,                │
│    245 │   │   │   │   use_remote_preset=True,                               │
│    246 │   │   │   │   url=self.chain_endpoint,                              │
│                                                                              │
│ /home/ubuntu/frontend/venv/lib/python3.10/site-packages/substrateinterface/b │
│ ase.py:133 in __init__                                                       │
│                                                                              │
│    130 │   │   self.__rpc_message_queue = []                                 │
│    131 │   │                                                                 │
│    132 │   │   if self.url and (self.url[0:6] == 'wss://' or self.url[0:5] = │
│ ❱  133 │   │   │   self.connect_websocket()                                  │
│    134 │   │                                                                 │
│    135 │   │   elif websocket:                                               │
│    136 │   │   │   self.websocket = websocket                                │
│                                                                              │
│ /home/ubuntu/frontend/venv/lib/python3.10/site-packages/substrateinterface/b │
│ ase.py:183 in connect_websocket                                              │
│                                                                              │
│    180 │   │   """                                                           │
│    181 │   │   if self.url and (self.url[0:6] == 'wss://' or self.url[0:5] = │
│    182 │   │   │   self.debug_message("Connecting to {} ...".format(self.url │
│ ❱  183 │   │   │   self.websocket = create_connection(                       │
│    184 │   │   │   │   self.url,                                             │
│    185 │   │   │   │   **self.ws_options                                     │
│    186 │   │   │   )                                                         │
│                                                                              │
│ /home/ubuntu/frontend/venv/lib/python3.10/site-packages/websocket/_core.py:6 │
│ 46 in create_connection                                                      │
│                                                                              │
│   643 │   │   **options,                                                     │
│   644 │   )                                                                  │
│   645 │   websock.settimeout(timeout if timeout is not None else getdefaultt │
│ ❱ 646 │   websock.connect(url, **options)                                    │
│   647 │   return websock                                                     │
│   648                                                                        │
│                                                                              │
│ /home/ubuntu/frontend/venv/lib/python3.10/site-packages/websocket/_core.py:2 │
│ 56 in connect                                                                │
│                                                                              │
│   253 │   │   │   Pre-initialized stream socket.                             │
│   254 │   │   """                                                            │
│   255 │   │   self.sock_opt.timeout = options.get("timeout", self.sock_opt.t │
│ ❱ 256 │   │   self.sock, addrs = connect(                                    │
│   257 │   │   │   url, self.sock_opt, proxy_info(**options), options.pop("so │
│   258 │   │   )                                                              │
│   259                                                                        │
│                                                                              │
│ /home/ubuntu/frontend/venv/lib/python3.10/site-packages/websocket/_http.py:1 │
│ 51 in connect                                                                │
│                                                                              │
│   148 │   │                                                                  │
│   149 │   │   if is_secure:                                                  │
│   150 │   │   │   if HAVE_SSL:                                               │
│ ❱ 151 │   │   │   │   sock = _ssl_socket(sock, options.sslopt, hostname)     │
│   152 │   │   │   else:                                                      │
│   153 │   │   │   │   raise WebSocketException("SSL not available.")         │
│   154                                                                        │
│                                                                              │
│ /home/ubuntu/frontend/venv/lib/python3.10/site-packages/websocket/_http.py:3 │
│ 11 in _ssl_socket                                                            │
│                                                                              │
│   308 │   │   hostname = sslopt["server_hostname"]                           │
│   309 │                                                                      │
│   310 │   check_hostname = sslopt.get("check_hostname", True)                │
│ ❱ 311 │   sock = _wrap_sni_socket(sock, sslopt, hostname, check_hostname)    │
│   312 │                                                                      │
│   313 │   return sock                                                        │
│   314                                                                        │
│                                                                              │
│ /home/ubuntu/frontend/venv/lib/python3.10/site-packages/websocket/_http.py:2 │
│ 81 in _wrap_sni_socket                                                       │
│                                                                              │
│   278 │   │   if "ecdh_curve" in sslopt:                                     │
│   279 │   │   │   context.set_ecdh_curve(sslopt["ecdh_curve"])               │
│   280 │                                                                      │
│ ❱ 281 │   return context.wrap_socket(                                        │
│   282 │   │   sock,                                                          │
│   283 │   │   do_handshake_on_connect=sslopt.get("do_handshake_on_connect",  │
│   284 │   │   suppress_ragged_eofs=sslopt.get("suppress_ragged_eofs", True), │
│                                                                              │
│ /usr/lib/python3.10/ssl.py:513 in wrap_socket                                │
│                                                                              │
│    510 │   │   │   │   │   server_hostname=None, session=None):              │
│    511 │   │   # SSLSocket class handles server_hostname encoding before it  │
│    512 │   │   # ctx._wrap_socket()                                          │
│ ❱  513 │   │   return self.sslsocket_class._create(                          │
│    514 │   │   │   sock=sock,                                                │
│    515 │   │   │   server_side=server_side,                                  │
│    516 │   │   │   do_handshake_on_connect=do_handshake_on_connect,          │
│                                                                              │
│ /usr/lib/python3.10/ssl.py:1100 in _create                                   │
│                                                                              │
│   1097 │   │   │   │   │   if timeout == 0.0:                                │
│   1098 │   │   │   │   │   │   # non-blocking                                │
│   1099 │   │   │   │   │   │   raise ValueError("do_handshake_on_connect sho │
│ ❱ 1100 │   │   │   │   │   self.do_handshake()                               │
│   1101 │   │   │   except (OSError, ValueError):                             │
│   1102 │   │   │   │   self.close()                                          │
│   1103 │   │   │   │   raise                                                 │
│                                                                              │
│ /usr/lib/python3.10/ssl.py:1371 in do_handshake                              │
│                                                                              │
│   1368 │   │   try:                                                          │
│   1369 │   │   │   if timeout == 0.0 and block:                              │
│   1370 │   │   │   │   self.settimeout(None)                                 │
│ ❱ 1371 │   │   │   self._sslobj.do_handshake()                               │
│   1372 │   │   finally:                                                      │
│   1373 │   │   │   self.settimeout(timeout)                                  │
│   1374                                                                       │
╰──────────────────────────────────────────────────────────────────────────────╯
KeyboardInterrupt
During handling of the above exception, another exception occurred:
╭───────────────────── Traceback (most recent call last) ──────────────────────╮
│ /home/ubuntu/frontend/bistro/master.py:242 in <module>                       │
│                                                                              │
│                                                                              │
│ /home/ubuntu/frontend/bistro/master.py:213 in main                           │
│                                                                              │
│   210 │   │                                                                  │
│   211 │   │   # Handle unknown exceptions, continue training after 5 seconds │
│   212 │   │   except Exception as e:                                         │
│ ❱ 213 │   │   │   print(f"Error: {e}")                                       │
│   214 │   │   │   traceback.print_exc()                                      │
│   215 │   │   │   time.sleep(5)                                              │
│   216 │   │   │   continue                                                   │
╰──────────────────────────────────────────────────────────────────────────────╯
AttributeError: 'Run' object has no attribute 'delete'